maxBindGroups: 4
maxBindingsPerBindGroup: 640
maxBufferSize: 268435456
maxColorAttachments: 8
maxComputeInvocationsPerWorkgroup: 256
maxComputeWorkgroupSizeX: 256
maxComputeWorkgroupSizeY: 256
maxComputeWorkgroupSizeZ: 64
maxComputeWorkgroupStorageSize: 49152
maxComputeWorkgroupsPerDimension: 65535
maxDynamicStorageBuffersPerPipelineLayout: 4
maxDynamicUniformBuffersPerPipelineLayout: 8
maxInterStageShaderComponents: 60
maxInterStageShaderVariables: 16
maxSampledTexturesPerShaderStage: 16
maxSamplersPerShaderStage: 16
maxStorageBufferBindingSize: 4294967295
maxStorageBuffersPerShaderStage: 8
maxStorageTexturesPerShaderStage: 4
maxTextureArrayLayers: 256
maxTextureDimension1D: 8192
maxTextureDimension2D: 8192
maxTextureDimension3D: 2048
maxUniformBufferBindingSize: 65536
maxUniformBuffersPerShaderStage: 12
maxVertexAttributes: 16
maxVertexBufferArrayStride: 2048
maxVertexBuffers: 8
minStorageBufferOffsetAlignment: 256
minUniformBufferOffsetAlignment: 256